This is XeTeX, Version 3.14159265-2.6-0.99998 (TeX Live 2017) (preloaded format=xelatex 2018.10.9)  28 DEC 2018 00:53
entering extended mode
 restricted \write18 enabled.
 %&-line parsing enabled.
**1.1.1.tex
(./1.1.1.tex
LaTeX2e <2017-04-15>
Babel <3.10> and hyphenation patterns for 84 language(s) loaded.
(/usr/local/texlive/2017/texmf-dist/tex/latex/base/book.cls
Document Class: book 2014/09/29 v1.4h Standard LaTeX document class
(/usr/local/texlive/2017/texmf-dist/tex/latex/base/bk10.clo
File: bk10.clo 2014/09/29 v1.4h Standard LaTeX file (size option)
)
\c@part=\count79
\c@chapter=\count80
\c@section=\count81
\c@subsection=\count82
\c@subsubsection=\count83
\c@paragraph=\count84
\c@subparagraph=\count85
\c@figure=\count86
\c@table=\count87
\abovecaptionskip=\skip41
\belowcaptionskip=\skip42
\bibindent=\dimen102
)
\@input{macros.tex.aux}
\openout2 = `macros.tex.aux'.

No file macros.tex.tex.

LaTeX Warning: Unused global option(s):
    [jou].

(./1.1.1.aux)
\openout1 = `1.1.1.aux'.

LaTeX Font Info:    Checking defaults for OML/cmm/m/it on input line 4.
LaTeX Font Info:    ... okay on input line 4.
LaTeX Font Info:    Checking defaults for T1/cmr/m/n on input line 4.
LaTeX Font Info:    ... okay on input line 4.
LaTeX Font Info:    Checking defaults for OT1/cmr/m/n on input line 4.
LaTeX Font Info:    ... okay on input line 4.
LaTeX Font Info:    Checking defaults for OMS/cmsy/m/n on input line 4.
LaTeX Font Info:    ... okay on input line 4.
LaTeX Font Info:    Checking defaults for TU/lmr/m/n on input line 4.
LaTeX Font Info:    ... okay on input line 4.
LaTeX Font Info:    Checking defaults for OMX/cmex/m/n on input line 4.
LaTeX Font Info:    ... okay on input line 4.
LaTeX Font Info:    Checking defaults for U/cmr/m/n on input line 4.
LaTeX Font Info:    ... okay on input line 4.

(/Volumes/User/lalitaalaalitah/Documents/github/ashtadhyayi/siddhantakaumudi/pa
da-1.1/1.1.1.md.tex
Missing character: There is no आ in font [lmroman10-regular]:mapping=tex-text;!
Missing character: There is no त in font [lmroman10-regular]:mapping=tex-text;!
Missing character: There is no ् in font [lmroman10-regular]:mapping=tex-text;!
Missing character: There is no ऐ in font [lmroman10-regular]:mapping=tex-text;!
Missing character: There is no त in font [lmroman10-regular]:mapping=tex-text;!
Missing character: There is no ् in font [lmroman10-regular]:mapping=tex-text;!
Missing character: There is no च in font [lmroman10-regular]:mapping=tex-text;!
Missing character: There is no व in font [lmroman10-regular]:mapping=tex-text;!
Missing character: There is no ृ in font [lmroman10-regular]:mapping=tex-text;!
Missing character: There is no द in font [lmroman10-regular]:mapping=tex-text;!
Missing character: There is no ् in font [lmroman10-regular]:mapping=tex-text;!
Missing character: There is no ध in font [lmroman10-regular]:mapping=tex-text;!
Missing character: There is no ि in font [lmroman10-regular]:mapping=tex-text;!
Missing character: There is no स in font [lmroman10-regular]:mapping=tex-text;!
Missing character: There is no ं in font [lmroman10-regular]:mapping=tex-text;!
Missing character: There is no ज in font [lmroman10-regular]:mapping=tex-text;!
Missing character: There is no ् in font [lmroman10-regular]:mapping=tex-text;!
Missing character: There is no ञ in font [lmroman10-regular]:mapping=tex-text;!
Missing character: There is no ः in font [lmroman10-regular]:mapping=tex-text;!
Missing character: There is no स in font [lmroman10-regular]:mapping=tex-text;!
Missing character: There is no ् in font [lmroman10-regular]:mapping=tex-text;!
Missing character: There is no य in font [lmroman10-regular]:mapping=tex-text;!
Missing character: There is no ा in font [lmroman10-regular]:mapping=tex-text;!
Missing character: There is no त in font [lmroman10-regular]:mapping=tex-text;!
Missing character: There is no ् in font [lmroman10-regular]:mapping=tex-text;!
Missing character: There is no ॥ in font [lmroman10-regular]:mapping=tex-text;!
) [1



] (./1.1.1.aux) ) 
Here is how much of TeX's memory you used:
 232 strings out of 493005
 2756 string characters out of 6134596
 61634 words of memory out of 5000000
 4283 multiletter control sequences out of 15000+600000
 3656 words of font info for 16 fonts, out of 8000000 for 9000
 1348 hyphenation exceptions out of 8191
 22i,4n,17p,153b,147s stack positions out of 5000i,500n,10000p,200000b,80000s

Output written on 1.1.1.pdf (1 page).
